

***************************************************************************************************
Started processing at [09/19/2018 13:29:00].
***************************************************************************************************


Base Config file loaded
Runtime Environment Config file {Production.json} loaded
Config file for DEVOPS {DEVOPS.json} loaded!  --
--  No configuration file for current day!  --
@{LogFileName=Logs; _LogRetention=Modes are Append or Overwrite; LogTimeStamp=True; _Loglevel=Valid is: ALL(6) < DEBUG(1) < INFO(2) < WARN(3) < ERROR(4) < FATAL(5) < OFF(0).; FormatHTML=True; RunSureJob=True; RunSnapshot=True; LogToFile=True; _Info=System.Object[]; InternalInfo=; Email=; SmtpProvider=gmail; VeeamServer=192.168.0.3; Environment=Development; LogDirectory=C:\BkLog\RunLogs\; LogRetention=Cycle; ZipDirectory=C:\ZIPBackup\; BackupZipDirectory=C:\ZIPBackup\; EOMZipDirectory=C:\EOMZIPBackup\; Loglevel=6; LogToConsole=True; VerbosePreference=Continue}
VeeamJobName -> WinXP
Existing Veeam Server Session to 192.168.0.3 reused
Job & Job History successful loaded
System.Net.Mail.SmtpClient
Message Body : <!DOCTYPE html PUBLIC "-//W3C//DTD XHTML 1.0 Strict//EN"  "http://www.w3.org/TR/xhtml1/DTD/xhtml1-strict.dtd">
<html xmlns="http://www.w3.org/1999/xhtml">
<head>
<style>BODY{font-family: Arial; font-size: 10pt;}TABLE{border: 1px solid black; border-collapse: collapse;}TH{border: 1px solid black; background: 54b948; padding: 5px;}TD{border: 1px solid black; padding: 5px;text-align: center;}</style>
</head><body>
<table>
<colgroup><col/><col/><col/><col/></colgroup>
<tr><th>Name</th><th>End Time</th><th>Triggered By</th><th>Triggered From</th></tr>
<tr><td>WinXP</td><td>1:29 PM</td><td>Administrator</td><td>192.168.0.3</td></tr>
</table>
</body></html>
 <br> <H2>Job History</H4> <!DOCTYPE html PUBLIC "-//W3C//DTD XHTML 1.0 Strict//EN"  "http://www.w3.org/TR/xhtml1/DTD/xhtml1-strict.dtd">
<html xmlns="http://www.w3.org/1999/xhtml">
<head>
<style>BODY{font-family: Arial; font-size: 10pt;}TABLE{border: 1px solid black; border-collapse: collapse;}TH{border: 1px solid black; background: 54b948; padding: 5px;}TD{border: 1px solid black; padding: 5px;text-align: center;}</style>
</head><body>
<table>
<colgroup><col/><col/><col/><col/></colgroup>
<tr><th>Start Time</th><th>Completed Time</th><th>Duration</th><th>Result</th></tr>
<tr><td>9/19/2018 1:30 AM</td><td>9/19/2018 1:32 AM</td><td>00 hours and 02 minutes</td><td>Success</td></tr>
<tr><td>9/19/2018 1:16 AM</td><td>9/19/2018 1:18 AM</td><td>00 hours and 01 minutes</td><td>Failed</td></tr>
<tr><td>9/19/2018 1:13 AM</td><td>9/19/2018 1:15 AM</td><td>00 hours and 02 minutes</td><td>Success</td></tr>
<tr><td>9/19/2018 1:02 AM</td><td>9/19/2018 1:04 AM</td><td>00 hours and 02 minutes</td><td>Success</td></tr>
<tr><td>9/19/2018 12:57 AM</td><td>9/19/2018 1:01 AM</td><td>00 hours and 03 minutes</td><td>Success</td></tr>
</table>
</body></html>

Mail sent


***************************************************************************************************
Finished processing at [09/19/2018 13:29:36].
***************************************************************************************************


